2012-01-15 03:15:18 Error: [MissingControllerException] Controller class FillupsController could not be found.
#0 /home/large/petrol.unstyled.com/cakephp-2.0.5/app/webroot/index.php(96): Dispatcher->dispatch(Object(CakeRequest), Object(CakeResponse))
#1 {main}
2012-01-18 20:22:35 Error: [PDOException] SQLSTATE[42S22]: Column not found: 1054 Unknown column 'Vehicle.fillup_id' in 'on clause'
#0 /home/large/petrol.unstyled.com/cakephp-2.0.5/lib/Cake/Model/Datasource/DboSource.php(436): PDOStatement->execute(Array)
#1 /home/large/petrol.unstyled.com/cakephp-2.0.5/lib/Cake/Model/Datasource/DboSource.php(403): DboSource->_execute('SELECT `Fillup`...', Array)
#2 /home/large/petrol.unstyled.com/cakephp-2.0.5/lib/Cake/Model/Datasource/DboSource.php(647): DboSource->execute('SELECT `Fillup`...', Array, Array)
#3 /home/large/petrol.unstyled.com/cakephp-2.0.5/lib/Cake/Model/Datasource/DboSource.php(1040): DboSource->fetchAll('SELECT `Fillup`...', false)
#4 /home/large/petrol.unstyled.com/cakephp-2.0.5/lib/Cake/Model/Model.php(2483): DboSource->read(Object(Fillup), Array)
#5 /home/large/petrol.unstyled.com/cakephp-2.0.5/lib/Cake/Controller/Component/PaginatorComponent.php(172): Model->find('all', Array)
#6 /home/large/petrol.unstyled.com/cakephp-2.0.5/lib/Cake/Controller/Controller.php(1025): PaginatorComponent->paginate(NULL, Array, Array)
#7 /home/large/petrol.unstyled.com/cakephp-2.0.5/lib/Cake/Controller/Scaffold.php(189): Controller->paginate()
#8 /home/large/petrol.unstyled.com/cakephp-2.0.5/lib/Cake/Controller/Scaffold.php(385): Scaffold->_scaffoldIndex(Object(CakeRequest))
#9 /home/large/petrol.unstyled.com/cakephp-2.0.5/lib/Cake/Controller/Scaffold.php(150): Scaffold->_scaffold(Object(CakeRequest))
#10 /home/large/petrol.unstyled.com/cakephp-2.0.5/lib/Cake/Controller/Controller.php(518): Scaffold->__construct(Object(FillupsController), Object(CakeRequest))
#11 /home/large/petrol.unstyled.com/cakephp-2.0.5/lib/Cake/Controller/Controller.php(477): Controller->_getScaffold(Object(CakeRequest))
#12 /home/large/petrol.unstyled.com/cakephp-2.0.5/lib/Cake/Routing/Dispatcher.php(104): Controller->invokeAction(Object(CakeRequest))
#13 /home/large/petrol.unstyled.com/cakephp-2.0.5/lib/Cake/Routing/Dispatcher.php(86): Dispatcher->_invoke(Object(FillupsController), Object(CakeRequest), Object(CakeResponse))
#14 /home/large/petrol.unstyled.com/cakephp-2.0.5/app/webroot/index.php(96): Dispatcher->dispatch(Object(CakeRequest), Object(CakeResponse))
#15 {main}
2012-01-18 21:24:53 Error: [MissingConnectionException] Database connection "SQLSTATE[HY000] [2013] Lost connection to MySQL server at 'reading initial communication packet', system error: 110" is missing, or could not be created.
#0 /home/large/petrol.unstyled.com/cakephp-2.0.5/lib/Cake/Model/Datasource/DboSource.php(244): Mysql->connect()
#1 /home/large/petrol.unstyled.com/cakephp-2.0.5/lib/Cake/Model/ConnectionManager.php(101): DboSource->__construct(Array)
#2 /home/large/petrol.unstyled.com/cakephp-2.0.5/lib/Cake/Model/Model.php(3234): ConnectionManager::getDataSource('default')
#3 /home/large/petrol.unstyled.com/cakephp-2.0.5/lib/Cake/Model/Model.php(1030): Model->setDataSource('default')
#4 /home/large/petrol.unstyled.com/cakephp-2.0.5/lib/Cake/Model/Model.php(3258): Model->setSource('fillups')
#5 /home/large/petrol.unstyled.com/cakephp-2.0.5/lib/Cake/Model/Model.php(1223): Model->getDataSource()
#6 /home/large/petrol.unstyled.com/cakephp-2.0.5/lib/Cake/Model/Model.php(1309): Model->schema()
#7 /home/large/petrol.unstyled.com/cakephp-2.0.5/lib/Cake/Model/Model.php(1295): Model->hasField('title', false)
#8 /home/large/petrol.unstyled.com/cakephp-2.0.5/lib/Cake/Model/Model.php(800): Model->hasField(Array)
#9 /home/large/petrol.unstyled.com/cakephp-2.0.5/lib/Cake/Controller/Scaffold.php(131): Model->__get('displayField')
#10 /home/large/petrol.unstyled.com/cakephp-2.0.5/lib/Cake/Controller/Controller.php(518): Scaffold->__construct(Object(FillupsController), Object(CakeRequest))
#11 /home/large/petrol.unstyled.com/cakephp-2.0.5/lib/Cake/Controller/Controller.php(477): Controller->_getScaffold(Object(CakeRequest))
#12 /home/large/petrol.unstyled.com/cakephp-2.0.5/lib/Cake/Routing/Dispatcher.php(104): Controller->invokeAction(Object(CakeRequest))
#13 /home/large/petrol.unstyled.com/cakephp-2.0.5/lib/Cake/Routing/Dispatcher.php(86): Dispatcher->_invoke(Object(FillupsController), Object(CakeRequest), Object(CakeResponse))
#14 /home/large/petrol.unstyled.com/cakephp-2.0.5/app/webroot/index.php(96): Dispatcher->dispatch(Object(CakeRequest), Object(CakeResponse))
#15 {main}
2012-01-19 14:51:40 Error: [PDOException] SQLSTATE[23000]: Integrity constraint violation: 1048 Column 'odometer' cannot be null
#0 /home/large/petrol.unstyled.com/cakephp-2.0.5/lib/Cake/Model/Datasource/DboSource.php(436): PDOStatement->execute(Array)
#1 /home/large/petrol.unstyled.com/cakephp-2.0.5/lib/Cake/Model/Datasource/DboSource.php(403): DboSource->_execute('INSERT INTO `fi...', Array)
#2 /home/large/petrol.unstyled.com/cakephp-2.0.5/lib/Cake/Model/Datasource/DboSource.php(967): DboSource->execute('INSERT INTO `fi...')
#3 /home/large/petrol.unstyled.com/cakephp-2.0.5/lib/Cake/Model/Model.php(1646): DboSource->create(Object(Fillup), Array, Array)
#4 /home/large/petrol.unstyled.com/cakephp-2.0.5/lib/Cake/Controller/Scaffold.php(242): Model->save(Array)
#5 /home/large/petrol.unstyled.com/cakephp-2.0.5/lib/Cake/Controller/Scaffold.php(392): Scaffold->_scaffoldSave(Object(CakeRequest), 'add')
#6 /home/large/petrol.unstyled.com/cakephp-2.0.5/lib/Cake/Controller/Scaffold.php(150): Scaffold->_scaffold(Object(CakeRequest))
#7 /home/large/petrol.unstyled.com/cakephp-2.0.5/lib/Cake/Controller/Controller.php(518): Scaffold->__construct(Object(FillupsController), Object(CakeRequest))
#8 /home/large/petrol.unstyled.com/cakephp-2.0.5/lib/Cake/Controller/Controller.php(477): Controller->_getScaffold(Object(CakeRequest))
#9 /home/large/petrol.unstyled.com/cakephp-2.0.5/lib/Cake/Routing/Dispatcher.php(104): Controller->invokeAction(Object(CakeRequest))
#10 /home/large/petrol.unstyled.com/cakephp-2.0.5/lib/Cake/Routing/Dispatcher.php(86): Dispatcher->_invoke(Object(FillupsController), Object(CakeRequest), Object(CakeResponse))
#11 /home/large/petrol.unstyled.com/cakephp-2.0.5/app/webroot/index.php(96): Dispatcher->dispatch(Object(CakeRequest), Object(CakeResponse))
#12 {main}
2012-01-19 15:53:25 Error: [PDOException] SQLSTATE[42S22]: Column not found: 1054 Unknown column 'Vehicle.make' in 'field list'
#0 /home/large/petrol.unstyled.com/cakephp-2.0.5/lib/Cake/Model/Datasource/DboSource.php(436): PDOStatement->execute(Array)
#1 /home/large/petrol.unstyled.com/cakephp-2.0.5/lib/Cake/Model/Datasource/DboSource.php(403): DboSource->_execute('SELECT `Vehicle...', Array)
#2 /home/large/petrol.unstyled.com/cakephp-2.0.5/lib/Cake/Model/Datasource/DboSource.php(647): DboSource->execute('SELECT `Vehicle...', Array, Array)
#3 /home/large/petrol.unstyled.com/cakephp-2.0.5/lib/Cake/Model/Datasource/DboSource.php(1040): DboSource->fetchAll('SELECT `Vehicle...', false)
#4 /home/large/petrol.unstyled.com/cakephp-2.0.5/lib/Cake/Model/Model.php(2483): DboSource->read(Object(Vehicle), Array)
#5 /home/large/petrol.unstyled.com/cakephp-2.0.5/lib/Cake/Controller/Scaffold.php(272): Model->find('list')
#6 /home/large/petrol.unstyled.com/cakephp-2.0.5/lib/Cake/Controller/Scaffold.php(392): Scaffold->_scaffoldSave(Object(CakeRequest), 'add')
#7 /home/large/petrol.unstyled.com/cakephp-2.0.5/lib/Cake/Controller/Scaffold.php(150): Scaffold->_scaffold(Object(CakeRequest))
#8 /home/large/petrol.unstyled.com/cakephp-2.0.5/lib/Cake/Controller/Controller.php(518): Scaffold->__construct(Object(FillupsController), Object(CakeRequest))
#9 /home/large/petrol.unstyled.com/cakephp-2.0.5/lib/Cake/Controller/Controller.php(477): Controller->_getScaffold(Object(CakeRequest))
#10 /home/large/petrol.unstyled.com/cakephp-2.0.5/lib/Cake/Routing/Dispatcher.php(104): Controller->invokeAction(Object(CakeRequest))
#11 /home/large/petrol.unstyled.com/cakephp-2.0.5/lib/Cake/Routing/Dispatcher.php(86): Dispatcher->_invoke(Object(FillupsController), Object(CakeRequest), Object(CakeResponse))
#12 /home/large/petrol.unstyled.com/cakephp-2.0.5/app/webroot/index.php(96): Dispatcher->dispatch(Object(CakeRequest), Object(CakeResponse))
#13 {main}
2012-01-19 21:50:53 Error: [MissingViewException] View file "/home/large/petrol.unstyled.com/cakephp-2.0.5/app/View/Users/index.ctp" is missing.
#0 /home/large/petrol.unstyled.com/cakephp-2.0.5/lib/Cake/View/View.php(360): View->_getViewFileName(NULL)
#1 /home/large/petrol.unstyled.com/cakephp-2.0.5/lib/Cake/Controller/Controller.php(900): View->render(NULL, NULL)
#2 /home/large/petrol.unstyled.com/cakephp-2.0.5/lib/Cake/Routing/Dispatcher.php(111): Controller->render()
#3 /home/large/petrol.unstyled.com/cakephp-2.0.5/lib/Cake/Routing/Dispatcher.php(86): Dispatcher->_invoke(Object(UsersController), Object(CakeRequest), Object(CakeResponse))
#4 /home/large/petrol.unstyled.com/cakephp-2.0.5/app/webroot/index.php(96): Dispatcher->dispatch(Object(CakeRequest), Object(CakeResponse))
#5 {main}
2012-01-20 08:13:37 Error: [MissingViewException] View file "/home/large/petrol.unstyled.com/cakephp-2.0.5/app/View/Users/index.ctp" is missing.
#0 /home/large/petrol.unstyled.com/cakephp-2.0.5/lib/Cake/View/View.php(360): View->_getViewFileName(NULL)
#1 /home/large/petrol.unstyled.com/cakephp-2.0.5/lib/Cake/Controller/Controller.php(900): View->render(NULL, NULL)
#2 /home/large/petrol.unstyled.com/cakephp-2.0.5/lib/Cake/Routing/Dispatcher.php(111): Controller->render()
#3 /home/large/petrol.unstyled.com/cakephp-2.0.5/lib/Cake/Routing/Dispatcher.php(86): Dispatcher->_invoke(Object(UsersController), Object(CakeRequest), Object(CakeResponse))
#4 /home/large/petrol.unstyled.com/cakephp-2.0.5/app/webroot/index.php(96): Dispatcher->dispatch(Object(CakeRequest), Object(CakeResponse))
#5 {main}
